Added Component: Designator=C1(CAPC-0805-M)
Add component. Clean all parameters for all variants
Added Component: Designator=C2(CAPC-0603-M)
Add component. Clean all parameters for all variants
Added Component: Designator=C3(CAPC-0603-M)
Add component. Clean all parameters for all variants
Added Component: Designator=C4(CAPC-0603-M)
Add component. Clean all parameters for all variants
Added Component: Designator=C5(CAPC-0603-M)
Add component. Clean all parameters for all variants
Added Component: Designator=C6(CAPC-0805-M)
Add component. Clean all parameters for all variants
Added Component: Designator=C7(CAPC-0805-M)
Add component. Clean all parameters for all variants
Added Component: Designator=C8(CAPC-0603-M)
Add component. Clean all parameters for all variants
Added Component: Designator=C9(CAPC-1206-M)
Add component. Clean all parameters for all variants
Added Component: Designator=C10(CAPC-0805-M)
Add component. Clean all parameters for all variants
Added Component: Designator=C11(CAPC-0603-M)
Add component. Clean all parameters for all variants
Added Component: Designator=C12(CAPC-0805-M)
Add component. Clean all parameters for all variants
Added Component: Designator=C13(CAPC-0603-M)
Add component. Clean all parameters for all variants
Added Component: Designator=C14(CAPC-0603-M)
Add component. Clean all parameters for all variants
Added Component: Designator=JP1(JMP_SMD_2)
Add component. Clean all parameters for all variants
Added Component: Designator=JP2(JMP_SMD_2)
Add component. Clean all parameters for all variants
Added Component: Designator=JP3(JMP_SMD_3)
Add component. Clean all parameters for all variants
Added Component: Designator=JP4(JMP_SMD_3)
Add component. Clean all parameters for all variants
Added Component: Designator=JP5(JMP_SMD_3)
Add component. Clean all parameters for all variants
Added Component: Designator=L1(INDC-0805-M)
Add component. Clean all parameters for all variants
Added Component: Designator=P1(HDR_1_10_M_180)
Add component. Clean all parameters for all variants
Add component (AddParameter): Name = "LatestRevisionDate"; Value = "17-Jul-2002"; VariantName = "[No Variations]"
Add component (AddParameter): Name = "LatestRevisionNote"; Value = "Re-released for DXP Platform."; VariantName = "[No Variations]"
Add component (AddParameter): Name = "Publisher"; Value = "Altium Limited"; VariantName = "[No Variations]"
Added Component: Designator=P2(HDR_1_10_M_180)
Add component. Clean all parameters for all variants
Add component (AddParameter): Name = "LatestRevisionDate"; Value = "17-Jul-2002"; VariantName = "[No Variations]"
Add component (AddParameter): Name = "LatestRevisionNote"; Value = "Re-released for DXP Platform."; VariantName = "[No Variations]"
Add component (AddParameter): Name = "Publisher"; Value = "Altium Limited"; VariantName = "[No Variations]"
Added Component: Designator=P3(HDR_1_5_M_180)
Add component. Clean all parameters for all variants
Add component (AddParameter): Name = "LatestRevisionDate"; Value = "17-Jul-2002"; VariantName = "[No Variations]"
Add component (AddParameter): Name = "LatestRevisionNote"; Value = "Re-released for DXP Platform."; VariantName = "[No Variations]"
Add component (AddParameter): Name = "Publisher"; Value = "Altium Limited"; VariantName = "[No Variations]"
Added Component: Designator=R1(RESC-0603-M)
Add component. Clean all parameters for all variants
Added Component: Designator=R2(RESC-0603-M)
Add component. Clean all parameters for all variants
Added Component: Designator=R3(RESC-0603-M)
Add component. Clean all parameters for all variants
Added Component: Designator=R4(RESC-0603-M)
Add component. Clean all parameters for all variants
Added Component: Designator=R5(RESC-0603-M)
Add component. Clean all parameters for all variants
Added Component: Designator=U1(TSOP-20-M)
Add component. Clean all parameters for all variants
Added Component: Designator=U2(SOT223-4M)
Add component. Clean all parameters for all variants
Added Component: Designator=X1(HC49 US)
Add component. Clean all parameters for all variants
Added Pin To Net: NetName=3.3V Pin=C5-1
Added Pin To Net: NetName=3.3V Pin=C6-1
Added Pin To Net: NetName=3.3V Pin=C7-1
Added Pin To Net: NetName=3.3V Pin=C12-1
Added Pin To Net: NetName=3.3V Pin=C13-1
Added Pin To Net: NetName=3.3V Pin=JP5-3
Added Pin To Net: NetName=3.3V Pin=P3-1
Added Pin To Net: NetName=3.3V Pin=R1-2
Added Pin To Net: NetName=3.3V Pin=R2-2
Added Pin To Net: NetName=3.3V Pin=R3-2
Added Pin To Net: NetName=3.3V Pin=U1-4
Added Pin To Net: NetName=3.3V Pin=U2-2
Added Pin To Net: NetName=3.3V Pin=U2-4
Added Net: Name=3.3V
Added Pin To Net: NetName=CRY1 Pin=C3-1
Added Pin To Net: NetName=CRY1 Pin=JP3-3
Added Pin To Net: NetName=CRY1 Pin=X1-1
Added Net: Name=CRY1
Added Pin To Net: NetName=CRY2 Pin=C4-1
Added Pin To Net: NetName=CRY2 Pin=JP4-3
Added Pin To Net: NetName=CRY2 Pin=X1-2
Added Net: Name=CRY2
Added Pin To Net: NetName=GND Pin=C1-2
Added Pin To Net: NetName=GND Pin=C2-2
Added Pin To Net: NetName=GND Pin=C3-2
Added Pin To Net: NetName=GND Pin=C4-2
Added Pin To Net: NetName=GND Pin=C5-2
Added Pin To Net: NetName=GND Pin=C6-2
Added Pin To Net: NetName=GND Pin=C7-2
Added Pin To Net: NetName=GND Pin=C8-2
Added Pin To Net: NetName=GND Pin=C9-2
Added Pin To Net: NetName=GND Pin=C10-2
Added Pin To Net: NetName=GND Pin=C11-2
Added Pin To Net: NetName=GND Pin=C12-2
Added Pin To Net: NetName=GND Pin=C13-2
Added Pin To Net: NetName=GND Pin=C14-2
Added Pin To Net: NetName=GND Pin=P1-2
Added Pin To Net: NetName=GND Pin=P3-3
Added Pin To Net: NetName=GND Pin=R4-2
Added Pin To Net: NetName=GND Pin=R5-2
Added Pin To Net: NetName=GND Pin=U1-5
Added Pin To Net: NetName=GND Pin=U2-1
Added Net: Name=GND
Added Pin To Net: NetName=NetC9_1 Pin=C9-1
Added Pin To Net: NetName=NetC9_1 Pin=C10-1
Added Pin To Net: NetName=NetC9_1 Pin=C11-1
Added Pin To Net: NetName=NetC9_1 Pin=JP5-2
Added Pin To Net: NetName=NetC9_1 Pin=L1-2
Added Net: Name=NetC9_1
Added Pin To Net: NetName=NetC14_1 Pin=C14-1
Added Pin To Net: NetName=NetC14_1 Pin=JP5-1
Added Pin To Net: NetName=NetC14_1 Pin=U2-3
Added Net: Name=NetC14_1
Added Pin To Net: NetName=NetJP1_2 Pin=JP1-2
Added Pin To Net: NetName=NetJP1_2 Pin=P2-6
Added Net: Name=NetJP1_2
Added Pin To Net: NetName=NetJP2_2 Pin=JP2-2
Added Pin To Net: NetName=NetJP2_2 Pin=P2-7
Added Net: Name=NetJP2_2
Added Pin To Net: NetName=NetJP3_1 Pin=JP3-1
Added Pin To Net: NetName=NetJP3_1 Pin=P2-3
Added Net: Name=NetJP3_1
Added Pin To Net: NetName=NetJP4_1 Pin=JP4-1
Added Pin To Net: NetName=NetJP4_1 Pin=P2-2
Added Net: Name=NetJP4_1
Added Pin To Net: NetName=NetP1_3 Pin=P1-3
Added Pin To Net: NetName=NetP1_3 Pin=U1-7
Added Net: Name=NetP1_3
Added Pin To Net: NetName=NetP1_4 Pin=P1-4
Added Pin To Net: NetName=NetP1_4 Pin=U1-8
Added Net: Name=NetP1_4
Added Pin To Net: NetName=NetP1_5 Pin=P1-5
Added Pin To Net: NetName=NetP1_5 Pin=U1-9
Added Net: Name=NetP1_5
Added Pin To Net: NetName=NetP1_6 Pin=P1-6
Added Pin To Net: NetName=NetP1_6 Pin=U1-10
Added Net: Name=NetP1_6
Added Pin To Net: NetName=NetP1_7 Pin=P1-7
Added Pin To Net: NetName=NetP1_7 Pin=U1-11
Added Net: Name=NetP1_7
Added Pin To Net: NetName=NetP1_8 Pin=P1-8
Added Pin To Net: NetName=NetP1_8 Pin=U1-12
Added Net: Name=NetP1_8
Added Pin To Net: NetName=NetP1_9 Pin=P1-9
Added Pin To Net: NetName=NetP1_9 Pin=U1-13
Added Net: Name=NetP1_9
Added Pin To Net: NetName=NetP1_10 Pin=P1-10
Added Pin To Net: NetName=NetP1_10 Pin=U1-14
Added Net: Name=NetP1_10
Added Pin To Net: NetName=NetP2_4 Pin=P2-4
Added Pin To Net: NetName=NetP2_4 Pin=U1-1
Added Net: Name=NetP2_4
Added Pin To Net: NetName=NetP2_5 Pin=P2-5
Added Pin To Net: NetName=NetP2_5 Pin=U1-20
Added Net: Name=NetP2_5
Added Pin To Net: NetName=NetP2_8 Pin=P2-8
Added Pin To Net: NetName=NetP2_8 Pin=U1-17
Added Net: Name=NetP2_8
Added Pin To Net: NetName=NetP2_9 Pin=P2-9
Added Pin To Net: NetName=NetP2_9 Pin=U1-16
Added Net: Name=NetP2_9
Added Pin To Net: NetName=NetP2_10 Pin=P2-10
Added Pin To Net: NetName=NetP2_10 Pin=U1-15
Added Net: Name=NetP2_10
Added Pin To Net: NetName=NRST Pin=C1-1
Added Pin To Net: NetName=NRST Pin=C2-1
Added Pin To Net: NetName=NRST Pin=P3-5
Added Pin To Net: NetName=NRST Pin=R1-1
Added Pin To Net: NetName=NRST Pin=U1-6
Added Net: Name=NRST
Added Pin To Net: NetName=PC14 Pin=JP3-2
Added Pin To Net: NetName=PC14 Pin=U1-2
Added Net: Name=PC14
Added Pin To Net: NetName=PC15 Pin=JP4-2
Added Pin To Net: NetName=PC15 Pin=U1-3
Added Net: Name=PC15
Added Pin To Net: NetName=SWCLK Pin=JP1-1
Added Pin To Net: NetName=SWCLK Pin=P3-2
Added Pin To Net: NetName=SWCLK Pin=R3-1
Added Pin To Net: NetName=SWCLK Pin=R4-1
Added Pin To Net: NetName=SWCLK Pin=U1-19
Added Net: Name=SWCLK
Added Pin To Net: NetName=SWDIO Pin=JP2-1
Added Pin To Net: NetName=SWDIO Pin=P3-4
Added Pin To Net: NetName=SWDIO Pin=R2-1
Added Pin To Net: NetName=SWDIO Pin=R5-1
Added Pin To Net: NetName=SWDIO Pin=U1-18
Added Net: Name=SWDIO
Added Pin To Net: NetName=VEXT Pin=C8-1
Added Pin To Net: NetName=VEXT Pin=L1-1
Added Pin To Net: NetName=VEXT Pin=P1-1
Added Net: Name=VEXT
Added Class: Name=Designator
Added Class: Name=P03_Design_Block_Diagram
